  [1m[35m (307.8ms)[0m  [1m[35mCREATE DATABASE "Staub_ify_development" ENCODING = 'unicode'[0m
  [1m[35m (191.3ms)[0m  [1m[35mCREATE DATABASE "Staub_ify_test" ENCODING = 'unicode'[0m
  [1m[35m (0.6ms)[0m  [1m[35mCREATE DATABASE "Staub_ify_development" ENCODING = 'unicode'[0m
  [1m[35m (0.6ms)[0m  [1m[35mCREATE DATABASE "Staub_ify_test" ENCODING = 'unicode'[0m
  [1m[35m (36.6ms)[0m  [1m[35mCREATE TABLE "schema_migrations" ("version" character varying NOT NULL PRIMARY KEY)[0m
  [1m[35m (13.4ms)[0m  [1m[35mCREATE TABLE "ar_internal_metadata" ("key" character varying NOT NULL PRIMARY KEY, "value" character varying, "created_at" timestamp(6) NOT NULL, "updated_at" timestamp(6) NOT NULL)[0m
  [1m[35m (0.9ms)[0m  [1m[34mSELECT pg_try_advisory_lock(8136261393181742940)[0m
  [1m[36mActiveRecord::SchemaMigration Pluck (0.9ms)[0m  [1m[34mSELECT "schema_migrations"."version" FROM "schema_migrations" ORDER BY "schema_migrations"."version" ASC[0m
Migrating to CreateCreateUsers (20230720192707)
  [1m[35m (0.5ms)[0m  [1m[34mSELECT pg_advisory_unlock(8136261393181742940)[0m
  [1m[35m (0.5ms)[0m  [1m[34mSELECT pg_try_advisory_lock(8136261393181742940)[0m
  [1m[36mActiveRecord::SchemaMigration Pluck (0.9ms)[0m  [1m[34mSELECT "schema_migrations"."version" FROM "schema_migrations" ORDER BY "schema_migrations"."version" ASC[0m
Migrating to CreateUsers (20230720192707)
  [1m[36mTRANSACTION (0.3ms)[0m  [1m[35mBEGIN[0m
  [1m[35m (20.6ms)[0m  [1m[35mCREATE TABLE "users" ("id" bigserial primary key, "username" character varying NOT NULL, "password_digest" character varying NOT NULL, "session_token" character varying NOT NULL, "email" character varying NOT NULL, "created_at" timestamp(6) NOT NULL, "updated_at" timestamp(6) NOT NULL)[0m
  [1m[35m (4.7ms)[0m  [1m[35mCREATE UNIQUE INDEX "index_users_on_username" ON "users" ("username")[0m
  [1m[35m (4.7ms)[0m  [1m[35mCREATE UNIQUE INDEX "index_users_on_session_token" ON "users" ("session_token")[0m
  [1m[35m (4.8ms)[0m  [1m[35mCREATE UNIQUE INDEX "index_users_on_email" ON "users" ("email")[0m
  [1m[36mActiveRecord::SchemaMigration Create (1.5ms)[0m  [1m[32mINSERT INTO "schema_migrations" ("version") VALUES ($1) RETURNING "version"[0m  [["version", "20230720192707"]]
  [1m[36mTRANSACTION (2.4ms)[0m  [1m[35mCOMMIT[0m
  [1m[36mActiveRecord::InternalMetadata Load (0.7ms)[0m  [1m[34mSELECT "ar_internal_metadata".* FROM "ar_internal_metadata" WHERE "ar_internal_metadata"."key" = $1 LIMIT $2[0m  [["key", "environment"], ["LIMIT", 1]]
  [1m[36mTRANSACTION (0.3ms)[0m  [1m[35mBEGIN[0m
  [1m[36mActiveRecord::InternalMetadata Create (1.8ms)[0m  [1m[32mINSERT INTO "ar_internal_metadata" ("key", "value", "created_at", "updated_at") VALUES ($1, $2, $3, $4) RETURNING "key"[0m  [["key", "environment"], ["value", "development"], ["created_at", "2023-07-20 20:47:21.930076"], ["updated_at", "2023-07-20 20:47:21.930076"]]
  [1m[36mTRANSACTION (1.7ms)[0m  [1m[35mCOMMIT[0m
  [1m[35m (0.6ms)[0m  [1m[34mSELECT pg_advisory_unlock(8136261393181742940)[0m
  [1m[36mActiveRecord::SchemaMigration Pluck (0.9ms)[0m  [1m[34mSELECT "schema_migrations"."version" FROM "schema_migrations" ORDER BY "schema_migrations"."version" ASC[0m
  [1m[36mTRANSACTION (0.6ms)[0m  [1m[35mBEGIN[0m
  [1m[36mUser Exists? (1.6ms)[0m  [1m[34mSELECT 1 AS one FROM "users" WHERE "users"."username" = $1 LIMIT $2[0m  [["username", "hi"], ["LIMIT", 1]]
  [1m[36mUser Exists? (0.5ms)[0m  [1m[34mSELECT 1 AS one FROM "users" WHERE "users"."email" = $1 LIMIT $2[0m  [["email", "jbs@gmail.com"], ["LIMIT", 1]]
  [1m[36mUser Exists? (0.5ms)[0m  [1m[34mSELECT 1 AS one FROM "users" WHERE "users"."session_token" = $1 LIMIT $2[0m  [["session_token", "[FILTERED]"], ["LIMIT", 1]]
  [1m[36mTRANSACTION (0.4ms)[0m  [1m[31mROLLBACK[0m
  [1m[36mUser Exists? (0.9ms)[0m  [1m[34mSELECT 1 AS one FROM "users" WHERE "users"."username" = $1 LIMIT $2[0m  [["username", "hi"], ["LIMIT", 1]]
  [1m[36mUser Exists? (0.5ms)[0m  [1m[34mSELECT 1 AS one FROM "users" WHERE "users"."email" = $1 LIMIT $2[0m  [["email", "jbs@gmail.com"], ["LIMIT", 1]]
  [1m[36mUser Exists? (0.6ms)[0m  [1m[34mSELECT 1 AS one FROM "users" WHERE "users"."session_token" = $1 LIMIT $2[0m  [["session_token", "[FILTERED]"], ["LIMIT", 1]]
  [1m[36mUser Exists? (0.9ms)[0m  [1m[34mSELECT 1 AS one FROM "users" WHERE "users"."username" = $1 LIMIT $2[0m  [["username", "hi"], ["LIMIT", 1]]
  [1m[36mUser Exists? (0.5ms)[0m  [1m[34mSELECT 1 AS one FROM "users" WHERE "users"."email" = $1 LIMIT $2[0m  [["email", "jbs@gmail.com"], ["LIMIT", 1]]
  [1m[36mUser Exists? (0.6ms)[0m  [1m[34mSELECT 1 AS one FROM "users" WHERE "users"."session_token" = $1 LIMIT $2[0m  [["session_token", "[FILTERED]"], ["LIMIT", 1]]
  [1m[36mTRANSACTION (0.5ms)[0m  [1m[35mBEGIN[0m
  [1m[36mUser Exists? (0.6ms)[0m  [1m[34mSELECT 1 AS one FROM "users" WHERE "users"."username" IS NULL LIMIT $1[0m  [["LIMIT", 1]]
  [1m[36mUser Exists? (0.5ms)[0m  [1m[34mSELECT 1 AS one FROM "users" WHERE "users"."email" IS NULL LIMIT $1[0m  [["LIMIT", 1]]
  [1m[36mUser Exists? (0.6ms)[0m  [1m[34mSELECT 1 AS one FROM "users" WHERE "users"."session_token" = $1 LIMIT $2[0m  [["session_token", "[FILTERED]"], ["LIMIT", 1]]
  [1m[36mTRANSACTION (0.4ms)[0m  [1m[31mROLLBACK[0m
  [1m[36mTRANSACTION (0.5ms)[0m  [1m[35mBEGIN[0m
  [1m[36mUser Exists? (0.7ms)[0m  [1m[34mSELECT 1 AS one FROM "users" WHERE "users"."username" IS NULL LIMIT $1[0m  [["LIMIT", 1]]
  [1m[36mUser Exists? (0.8ms)[0m  [1m[34mSELECT 1 AS one FROM "users" WHERE "users"."email" IS NULL LIMIT $1[0m  [["LIMIT", 1]]
  [1m[36mUser Exists? (0.9ms)[0m  [1m[34mSELECT 1 AS one FROM "users" WHERE "users"."session_token" = $1 LIMIT $2[0m  [["session_token", "[FILTERED]"], ["LIMIT", 1]]
  [1m[36mTRANSACTION (0.3ms)[0m  [1m[31mROLLBACK[0m
  [1m[36mUser Exists? (0.9ms)[0m  [1m[34mSELECT 1 AS one FROM "users" WHERE "users"."username" IS NULL LIMIT $1[0m  [["LIMIT", 1]]
  [1m[36mUser Exists? (0.5ms)[0m  [1m[34mSELECT 1 AS one FROM "users" WHERE "users"."email" IS NULL LIMIT $1[0m  [["LIMIT", 1]]
  [1m[36mUser Exists? (0.6ms)[0m  [1m[34mSELECT 1 AS one FROM "users" WHERE "users"."session_token" = $1 LIMIT $2[0m  [["session_token", "[FILTERED]"], ["LIMIT", 1]]
  [1m[36mUser Exists? (1.0ms)[0m  [1m[34mSELECT 1 AS one FROM "users" WHERE "users"."username" IS NULL LIMIT $1[0m  [["LIMIT", 1]]
  [1m[36mUser Exists? (0.5ms)[0m  [1m[34mSELECT 1 AS one FROM "users" WHERE "users"."email" IS NULL LIMIT $1[0m  [["LIMIT", 1]]
  [1m[36mUser Exists? (0.5ms)[0m  [1m[34mSELECT 1 AS one FROM "users" WHERE "users"."session_token" = $1 LIMIT $2[0m  [["session_token", "[FILTERED]"], ["LIMIT", 1]]
  [1m[36mUser Exists? (1.0ms)[0m  [1m[34mSELECT 1 AS one FROM "users" WHERE "users"."username" IS NULL LIMIT $1[0m  [["LIMIT", 1]]
  [1m[36mUser Exists? (0.4ms)[0m  [1m[34mSELECT 1 AS one FROM "users" WHERE "users"."email" IS NULL LIMIT $1[0m  [["LIMIT", 1]]
  [1m[36mUser Exists? (0.6ms)[0m  [1m[34mSELECT 1 AS one FROM "users" WHERE "users"."session_token" = $1 LIMIT $2[0m  [["session_token", "[FILTERED]"], ["LIMIT", 1]]
  [1m[36mUser Exists? (0.9ms)[0m  [1m[34mSELECT 1 AS one FROM "users" WHERE "users"."username" IS NULL LIMIT $1[0m  [["LIMIT", 1]]
  [1m[36mUser Exists? (0.5ms)[0m  [1m[34mSELECT 1 AS one FROM "users" WHERE "users"."email" IS NULL LIMIT $1[0m  [["LIMIT", 1]]
  [1m[36mUser Exists? (0.5ms)[0m  [1m[34mSELECT 1 AS one FROM "users" WHERE "users"."session_token" = $1 LIMIT $2[0m  [["session_token", "[FILTERED]"], ["LIMIT", 1]]
  [1m[35m (0.4ms)[0m  [1m[34mSELECT pg_try_advisory_lock(8136261393181742940)[0m
  [1m[36mActiveRecord::SchemaMigration Pluck (0.9ms)[0m  [1m[34mSELECT "schema_migrations"."version" FROM "schema_migrations" ORDER BY "schema_migrations"."version" ASC[0m
Migrating to AddBirthdayToUsers (20230721131148)
  [1m[36mTRANSACTION (0.1ms)[0m  [1m[35mBEGIN[0m
  [1m[35m (2.4ms)[0m  [1m[35mALTER TABLE "users" ADD "birthday" Date NOT NULL[0m
  [1m[36mActiveRecord::SchemaMigration Create (0.7ms)[0m  [1m[32mINSERT INTO "schema_migrations" ("version") VALUES ($1) RETURNING "version"[0m  [["version", "20230721131148"]]
  [1m[36mTRANSACTION (41.5ms)[0m  [1m[35mCOMMIT[0m
  [1m[36mActiveRecord::InternalMetadata Load (0.6ms)[0m  [1m[34mSELECT "ar_internal_metadata".* FROM "ar_internal_metadata" WHERE "ar_internal_metadata"."key" = $1 LIMIT $2[0m  [["key", "environment"], ["LIMIT", 1]]
  [1m[35m (0.2ms)[0m  [1m[34mSELECT pg_advisory_unlock(8136261393181742940)[0m
  [1m[36mActiveRecord::SchemaMigration Pluck (0.4ms)[0m  [1m[34mSELECT "schema_migrations"."version" FROM "schema_migrations" ORDER BY "schema_migrations"."version" ASC[0m
  [1m[36mUser Exists? (1.5ms)[0m  [1m[34mSELECT 1 AS one FROM "users" WHERE "users"."username" IS NULL LIMIT $1[0m  [["LIMIT", 1]]
  [1m[36mUser Exists? (0.5ms)[0m  [1m[34mSELECT 1 AS one FROM "users" WHERE "users"."email" IS NULL LIMIT $1[0m  [["LIMIT", 1]]
  [1m[36mUser Exists? (0.8ms)[0m  [1m[34mSELECT 1 AS one FROM "users" WHERE "users"."session_token" = $1 LIMIT $2[0m  [["session_token", "[FILTERED]"], ["LIMIT", 1]]
  [1m[36mUser Exists? (1.1ms)[0m  [1m[34mSELECT 1 AS one FROM "users" WHERE "users"."username" IS NULL LIMIT $1[0m  [["LIMIT", 1]]
  [1m[36mUser Exists? (0.5ms)[0m  [1m[34mSELECT 1 AS one FROM "users" WHERE "users"."email" IS NULL LIMIT $1[0m  [["LIMIT", 1]]
  [1m[36mUser Exists? (0.5ms)[0m  [1m[34mSELECT 1 AS one FROM "users" WHERE "users"."session_token" = $1 LIMIT $2[0m  [["session_token", "[FILTERED]"], ["LIMIT", 1]]
  [1m[36mTRANSACTION (0.5ms)[0m  [1m[35mBEGIN[0m
  [1m[36mUser Exists? (0.6ms)[0m  [1m[34mSELECT 1 AS one FROM "users" WHERE "users"."username" = $1 LIMIT $2[0m  [["username", "scott_hoppe"], ["LIMIT", 1]]
  [1m[36mUser Exists? (0.5ms)[0m  [1m[34mSELECT 1 AS one FROM "users" WHERE "users"."email" = $1 LIMIT $2[0m  [["email", "jaquelyn.herman@kuhn.example"], ["LIMIT", 1]]
  [1m[36mUser Exists? (0.5ms)[0m  [1m[34mSELECT 1 AS one FROM "users" WHERE "users"."session_token" = $1 LIMIT $2[0m  [["session_token", "[FILTERED]"], ["LIMIT", 1]]
  [1m[36mUser Create (3.7ms)[0m  [1m[32mINSERT INTO "users" ("username", "password_digest", "session_token", "email", "created_at", "updated_at", "birthday") VALUES ($1, $2, $3, $4, $5, $6, $7) RETURNING "id"[0m  [["username", "scott_hoppe"], ["password_digest", "[FILTERED]"], ["session_token", "[FILTERED]"], ["email", "jaquelyn.herman@kuhn.example"], ["created_at", "2023-07-21 13:15:47.738686"], ["updated_at", "2023-07-21 13:15:47.738686"], ["birthday", nil]]
  [1m[36mTRANSACTION (0.8ms)[0m  [1m[31mROLLBACK[0m
  [1m[36mTRANSACTION (0.5ms)[0m  [1m[35mBEGIN[0m
  [1m[36mUser Exists? (0.8ms)[0m  [1m[34mSELECT 1 AS one FROM "users" WHERE "users"."username" = $1 LIMIT $2[0m  [["username", "aubrey_runolfsson"], ["LIMIT", 1]]
  [1m[36mUser Exists? (0.4ms)[0m  [1m[34mSELECT 1 AS one FROM "users" WHERE "users"."email" = $1 LIMIT $2[0m  [["email", "kylee@mckenzie.example"], ["LIMIT", 1]]
  [1m[36mUser Exists? (1.5ms)[0m  [1m[34mSELECT 1 AS one FROM "users" WHERE "users"."session_token" = $1 LIMIT $2[0m  [["session_token", "[FILTERED]"], ["LIMIT", 1]]
  [1m[36mUser Create (1.8ms)[0m  [1m[32mINSERT INTO "users" ("username", "password_digest", "session_token", "email", "created_at", "updated_at", "birthday") VALUES ($1, $2, $3, $4, $5, $6, $7) RETURNING "id"[0m  [["username", "aubrey_runolfsson"], ["password_digest", "[FILTERED]"], ["session_token", "[FILTERED]"], ["email", "kylee@mckenzie.example"], ["created_at", "2023-07-21 13:16:14.326299"], ["updated_at", "2023-07-21 13:16:14.326299"], ["birthday", nil]]
  [1m[36mTRANSACTION (0.4ms)[0m  [1m[31mROLLBACK[0m
  [1m[36mTRANSACTION (0.5ms)[0m  [1m[35mBEGIN[0m
  [1m[36mUser Exists? (1.4ms)[0m  [1m[34mSELECT 1 AS one FROM "users" WHERE "users"."username" = $1 LIMIT $2[0m  [["username", "joane"], ["LIMIT", 1]]
  [1m[36mUser Exists? (0.6ms)[0m  [1m[34mSELECT 1 AS one FROM "users" WHERE "users"."email" = $1 LIMIT $2[0m  [["email", "lynnette.price@schamberger-harvey.test"], ["LIMIT", 1]]
  [1m[36mUser Exists? (0.5ms)[0m  [1m[34mSELECT 1 AS one FROM "users" WHERE "users"."session_token" = $1 LIMIT $2[0m  [["session_token", "[FILTERED]"], ["LIMIT", 1]]
  [1m[36mUser Create (2.1ms)[0m  [1m[32mINSERT INTO "users" ("username", "password_digest", "session_token", "email", "created_at", "updated_at", "birthday") VALUES ($1, $2, $3, $4, $5, $6, $7) RETURNING "id"[0m  [["username", "joane"], ["password_digest", "[FILTERED]"], ["session_token", "[FILTERED]"], ["email", "lynnette.price@schamberger-harvey.test"], ["created_at", "2023-07-21 13:20:13.476570"], ["updated_at", "2023-07-21 13:20:13.476570"], ["birthday", nil]]
  [1m[36mTRANSACTION (0.3ms)[0m  [1m[31mROLLBACK[0m
  [1m[36mTRANSACTION (0.5ms)[0m  [1m[35mBEGIN[0m
  [1m[36mUser Exists? (0.6ms)[0m  [1m[34mSELECT 1 AS one FROM "users" WHERE "users"."username" = $1 LIMIT $2[0m  [["username", "joane"], ["LIMIT", 1]]
  [1m[36mUser Exists? (0.6ms)[0m  [1m[34mSELECT 1 AS one FROM "users" WHERE "users"."email" = $1 LIMIT $2[0m  [["email", "lynnette.price@schamberger-harvey.test"], ["LIMIT", 1]]
  [1m[36mUser Exists? (0.7ms)[0m  [1m[34mSELECT 1 AS one FROM "users" WHERE "users"."session_token" = $1 LIMIT $2[0m  [["session_token", "[FILTERED]"], ["LIMIT", 1]]
  [1m[36mUser Create (1.8ms)[0m  [1m[32mINSERT INTO "users" ("username", "password_digest", "session_token", "email", "created_at", "updated_at", "birthday") VALUES ($1, $2, $3, $4, $5, $6, $7) RETURNING "id"[0m  [["username", "joane"], ["password_digest", "[FILTERED]"], ["session_token", "[FILTERED]"], ["email", "lynnette.price@schamberger-harvey.test"], ["created_at", "2023-07-21 13:21:21.209324"], ["updated_at", "2023-07-21 13:21:21.209324"], ["birthday", nil]]
  [1m[36mTRANSACTION (0.5ms)[0m  [1m[31mROLLBACK[0m
  [1m[36mTRANSACTION (0.5ms)[0m  [1m[35mBEGIN[0m
  [1m[36mUser Exists? (0.6ms)[0m  [1m[34mSELECT 1 AS one FROM "users" WHERE "users"."username" = $1 LIMIT $2[0m  [["username", "joane"], ["LIMIT", 1]]
  [1m[36mUser Exists? (0.5ms)[0m  [1m[34mSELECT 1 AS one FROM "users" WHERE "users"."email" = $1 LIMIT $2[0m  [["email", "lynnette.price@schamberger-harvey.test"], ["LIMIT", 1]]
  [1m[36mUser Exists? (0.4ms)[0m  [1m[34mSELECT 1 AS one FROM "users" WHERE "users"."session_token" = $1 LIMIT $2[0m  [["session_token", "[FILTERED]"], ["LIMIT", 1]]
  [1m[36mUser Create (1.4ms)[0m  [1m[32mINSERT INTO "users" ("username", "password_digest", "session_token", "email", "created_at", "updated_at", "birthday") VALUES ($1, $2, $3, $4, $5, $6, $7) RETURNING "id"[0m  [["username", "joane"], ["password_digest", "[FILTERED]"], ["session_token", "[FILTERED]"], ["email", "lynnette.price@schamberger-harvey.test"], ["created_at", "2023-07-21 13:21:36.096061"], ["updated_at", "2023-07-21 13:21:36.096061"], ["birthday", nil]]
  [1m[36mTRANSACTION (0.3ms)[0m  [1m[31mROLLBACK[0m
  [1m[36mTRANSACTION (0.5ms)[0m  [1m[35mBEGIN[0m
  [1m[36mUser Exists? (0.8ms)[0m  [1m[34mSELECT 1 AS one FROM "users" WHERE "users"."username" = $1 LIMIT $2[0m  [["username", "joane"], ["LIMIT", 1]]
  [1m[36mUser Exists? (0.8ms)[0m  [1m[34mSELECT 1 AS one FROM "users" WHERE "users"."email" = $1 LIMIT $2[0m  [["email", "lynnette.price@schamberger-harvey.test"], ["LIMIT", 1]]
  [1m[36mUser Exists? (0.5ms)[0m  [1m[34mSELECT 1 AS one FROM "users" WHERE "users"."session_token" = $1 LIMIT $2[0m  [["session_token", "[FILTERED]"], ["LIMIT", 1]]
  [1m[36mUser Create (2.6ms)[0m  [1m[32mINSERT INTO "users" ("username", "password_digest", "session_token", "email", "created_at", "updated_at", "birthday") VALUES ($1, $2, $3, $4, $5, $6, $7) RETURNING "id"[0m  [["username", "joane"], ["password_digest", "[FILTERED]"], ["session_token", "[FILTERED]"], ["email", "lynnette.price@schamberger-harvey.test"], ["created_at", "2023-07-21 13:29:05.489827"], ["updated_at", "2023-07-21 13:29:05.489827"], ["birthday", "2023-07-21"]]
  [1m[36mTRANSACTION (41.7ms)[0m  [1m[35mCOMMIT[0m
  [1m[36mTRANSACTION (0.6ms)[0m  [1m[35mBEGIN[0m
  [1m[36mUser Exists? (0.9ms)[0m  [1m[34mSELECT 1 AS one FROM "users" WHERE "users"."username" = $1 LIMIT $2[0m  [["username", "joane"], ["LIMIT", 1]]
  [1m[36mUser Exists? (0.6ms)[0m  [1m[34mSELECT 1 AS one FROM "users" WHERE "users"."email" = $1 LIMIT $2[0m  [["email", "lynnette.price@schamberger-harvey.test"], ["LIMIT", 1]]
  [1m[36mUser Exists? (0.5ms)[0m  [1m[34mSELECT 1 AS one FROM "users" WHERE "users"."session_token" = $1 LIMIT $2[0m  [["session_token", "[FILTERED]"], ["LIMIT", 1]]
  [1m[36mTRANSACTION (0.5ms)[0m  [1m[31mROLLBACK[0m
  [1m[36mUser Exists? (0.6ms)[0m  [1m[34mSELECT 1 AS one FROM "users" WHERE "users"."username" = $1 LIMIT $2[0m  [["username", "joane"], ["LIMIT", 1]]
  [1m[36mUser Exists? (0.5ms)[0m  [1m[34mSELECT 1 AS one FROM "users" WHERE "users"."email" = $1 LIMIT $2[0m  [["email", "lynnette.price@schamberger-harvey.test"], ["LIMIT", 1]]
  [1m[36mUser Exists? (0.5ms)[0m  [1m[34mSELECT 1 AS one FROM "users" WHERE "users"."session_token" = $1 LIMIT $2[0m  [["session_token", "[FILTERED]"], ["LIMIT", 1]]
  [1m[36mTRANSACTION (0.8ms)[0m  [1m[35mBEGIN[0m
  [1m[36mUser Exists? (1.3ms)[0m  [1m[34mSELECT 1 AS one FROM "users" WHERE "users"."username" = $1 LIMIT $2[0m  [["username", "usr"], ["LIMIT", 1]]
  [1m[36mUser Exists? (0.5ms)[0m  [1m[34mSELECT 1 AS one FROM "users" WHERE "users"."email" = $1 LIMIT $2[0m  [["email", "usr@email.io"], ["LIMIT", 1]]
  [1m[36mUser Exists? (0.6ms)[0m  [1m[34mSELECT 1 AS one FROM "users" WHERE "users"."session_token" = $1 LIMIT $2[0m  [["session_token", "[FILTERED]"], ["LIMIT", 1]]
  [1m[36mUser Create (2.0ms)[0m  [1m[32mINSERT INTO "users" ("username", "password_digest", "session_token", "email", "created_at", "updated_at", "birthday") VALUES ($1, $2, $3, $4, $5, $6, $7) RETURNING "id"[0m  [["username", "usr"], ["password_digest", "[FILTERED]"], ["session_token", "[FILTERED]"], ["email", "usr@email.io"], ["created_at", "2023-07-21 13:31:37.562034"], ["updated_at", "2023-07-21 13:31:37.562034"], ["birthday", nil]]
  [1m[36mTRANSACTION (0.3ms)[0m  [1m[31mROLLBACK[0m
  [1m[36mTRANSACTION (0.5ms)[0m  [1m[35mBEGIN[0m
  [1m[36mUser Exists? (0.8ms)[0m  [1m[34mSELECT 1 AS one FROM "users" WHERE "users"."username" = $1 LIMIT $2[0m  [["username", "usr"], ["LIMIT", 1]]
  [1m[36mUser Exists? (0.5ms)[0m  [1m[34mSELECT 1 AS one FROM "users" WHERE "users"."email" = $1 LIMIT $2[0m  [["email", "usr@email.io"], ["LIMIT", 1]]
  [1m[36mUser Exists? (0.4ms)[0m  [1m[34mSELECT 1 AS one FROM "users" WHERE "users"."session_token" = $1 LIMIT $2[0m  [["session_token", "[FILTERED]"], ["LIMIT", 1]]
  [1m[36mUser Create (0.6ms)[0m  [1m[32mINSERT INTO "users" ("username", "password_digest", "session_token", "email", "created_at", "updated_at", "birthday") VALUES ($1, $2, $3, $4, $5, $6, $7) RETURNING "id"[0m  [["username", "usr"], ["password_digest", "[FILTERED]"], ["session_token", "[FILTERED]"], ["email", "usr@email.io"], ["created_at", "2023-07-21 13:31:54.942777"], ["updated_at", "2023-07-21 13:31:54.942777"], ["birthday", "2023-07-21"]]
  [1m[36mTRANSACTION (3.7ms)[0m  [1m[35mCOMMIT[0m
  [1m[36mUser Load (0.5ms)[0m  [1m[34mSELECT "users".* FROM "users" WHERE "users"."email" = $1 LIMIT $2[0m  [["email", "usr@email.com"], ["LIMIT", 1]]
  [1m[36mUser Load (1.0ms)[0m  [1m[34mSELECT "users".* FROM "users" WHERE "users"."email" = $1 LIMIT $2[0m  [["email", "usr@email.io"], ["LIMIT", 1]]
  [1m[36mUser Load (0.5ms)[0m  [1m[34mSELECT "users".* FROM "users" WHERE "users"."username" = $1 LIMIT $2[0m  [["username", "usr"], ["LIMIT", 1]]
  [1m[36mUser Load (0.8ms)[0m  [1m[34mSELECT "users".* FROM "users" WHERE "users"."username" = $1 LIMIT $2[0m  [["username", "usr"], ["LIMIT", 1]]
Started GET "/" for ::1 at 2023-07-21 11:15:55 -0400
  [1m[36mActiveRecord::SchemaMigration Pluck (2.0ms)[0m  [1m[34mSELECT "schema_migrations"."version" FROM "schema_migrations" ORDER BY "schema_migrations"."version" ASC[0m
Processing by Rails::WelcomeController#index as HTML
  Rendering /home/jason/.rbenv/versions/3.1.1/lib/ruby/gems/3.1.0/gems/railties-7.0.6/lib/rails/templates/rails/welcome/index.html.erb
  Rendered /home/jason/.rbenv/versions/3.1.1/lib/ruby/gems/3.1.0/gems/railties-7.0.6/lib/rails/templates/rails/welcome/index.html.erb (Duration: 3.8ms | Allocations: 580)
Completed 200 OK in 378ms (Views: 12.1ms | ActiveRecord: 0.0ms | Allocations: 280836)


Started GET "/" for ::1 at 2023-07-21 11:40:41 -0400
  [1m[36mActiveRecord::SchemaMigration Pluck (1.0ms)[0m  [1m[34mSELECT "schema_migrations"."version" FROM "schema_migrations" ORDER BY "schema_migrations"."version" ASC[0m
Processing by Rails::WelcomeController#index as HTML
  Rendering /home/jason/.rbenv/versions/3.1.1/lib/ruby/gems/3.1.0/gems/railties-7.0.6/lib/rails/templates/rails/welcome/index.html.erb
  Rendered /home/jason/.rbenv/versions/3.1.1/lib/ruby/gems/3.1.0/gems/railties-7.0.6/lib/rails/templates/rails/welcome/index.html.erb (Duration: 2.0ms | Allocations: 474)
Completed 200 OK in 222ms (Views: 4.8ms | ActiveRecord: 0.0ms | Allocations: 279435)


Started GET "/api/users" for ::1 at 2023-07-21 11:52:00 -0400
  [1m[36mActiveRecord::SchemaMigration Pluck (0.4ms)[0m  [1m[34mSELECT "schema_migrations"."version" FROM "schema_migrations" ORDER BY "schema_migrations"."version" ASC[0m
  
ActionController::RoutingError (No route matches [GET] "/api/users"):
  
Started POST "/api/users" for ::1 at 2023-07-21 12:02:55 -0400
  [1m[36mActiveRecord::SchemaMigration Pluck (0.4ms)[0m  [1m[34mSELECT "schema_migrations"."version" FROM "schema_migrations" ORDER BY "schema_migrations"."version" ASC[0m
Processing by Api::UsersController#create as JSON
Can't verify CSRF token authenticity.
Completed 422 Unprocessable Entity in 2ms (ActiveRecord: 0.0ms | Allocations: 757)



ActionController::InvalidAuthenticityToken - Can't verify CSRF token authenticity.:

Started OPTIONS "/api/test?login" for ::1 at 2023-07-21 12:07:56 -0400
  [1m[36mActiveRecord::SchemaMigration Pluck (1.0ms)[0m  [1m[34mSELECT "schema_migrations"."version" FROM "schema_migrations" ORDER BY "schema_migrations"."version" ASC[0m
  
ActionController::RoutingError (No route matches [OPTIONS] "/api/test"):
  
Started OPTIONS "/api/users" for ::1 at 2023-07-21 12:08:12 -0400
  
ActionController::RoutingError (No route matches [OPTIONS] "/api/users"):
  
Started GET "/api/users" for ::1 at 2023-07-21 12:08:22 -0400
  
ActionController::RoutingError (No route matches [GET] "/api/users"):
  
Started OPTIONS "/api/users" for ::1 at 2023-07-21 12:08:36 -0400
  
ActionController::RoutingError (No route matches [OPTIONS] "/api/users"):
  
Started GET "/ws" for 127.0.0.1 at 2023-07-21 12:19:14 -0400
  [1m[36mActiveRecord::SchemaMigration Pluck (0.5ms)[0m  [1m[34mSELECT "schema_migrations"."version" FROM "schema_migrations" ORDER BY "schema_migrations"."version" ASC[0m
  
ActionController::RoutingError (No route matches [GET] "/ws"):
  
Started GET "/ws" for ::1 at 2023-07-21 12:19:16 -0400
  
ActionController::RoutingError (No route matches [GET] "/ws"):
  
Started GET "/ws" for ::1 at 2023-07-21 12:19:21 -0400
  
ActionController::RoutingError (No route matches [GET] "/ws"):
  
Started GET "/ws" for ::1 at 2023-07-21 12:19:30 -0400
  
ActionController::RoutingError (No route matches [GET] "/ws"):
  
Started GET "/ws" for ::1 at 2023-07-21 12:19:47 -0400
  
ActionController::RoutingError (No route matches [GET] "/ws"):
  
Started OPTIONS "/api/users" for ::1 at 2023-07-21 12:19:58 -0400
  
ActionController::RoutingError (No route matches [OPTIONS] "/api/users"):
  
Started GET "/ws" for ::1 at 2023-07-21 12:20:20 -0400
  
ActionController::RoutingError (No route matches [GET] "/ws"):
  
Started GET "/ws" for ::1 at 2023-07-21 12:21:25 -0400
  
ActionController::RoutingError (No route matches [GET] "/ws"):
  
Started GET "/ws" for ::1 at 2023-07-21 12:23:34 -0400
  
ActionController::RoutingError (No route matches [GET] "/ws"):
  
Started GET "/ws" for ::1 at 2023-07-21 12:27:51 -0400
  
ActionController::RoutingError (No route matches [GET] "/ws"):
  
Started GET "/ws" for ::1 at 2023-07-21 12:36:24 -0400
  
ActionController::RoutingError (No route matches [GET] "/ws"):
  
Started POST "/api/users" for ::1 at 2023-07-21 12:46:06 -0400
Processing by Api::UsersController#create as JSON
  Parameters: {"user"=>{}}
Can't verify CSRF token authenticity.
Completed 422 Unprocessable Entity in 1ms (ActiveRecord: 0.0ms | Allocations: 736)



ActionController::InvalidAuthenticityToken - Can't verify CSRF token authenticity.:

Started POST "/api/users" for ::1 at 2023-07-21 12:46:45 -0400
Processing by Api::UsersController#create as JSON
  Parameters: {"user"=>{}}
Can't verify CSRF token authenticity.
Completed 422 Unprocessable Entity in 0ms (ActiveRecord: 0.0ms | Allocations: 573)



ActionController::InvalidAuthenticityToken - Can't verify CSRF token authenticity.:

Started POST "/api/users" for ::1 at 2023-07-21 12:46:57 -0400
Processing by Api::UsersController#create as JSON
  Parameters: {"user"=>{}}
Can't verify CSRF token authenticity.
Completed 422 Unprocessable Entity in 1ms (ActiveRecord: 0.0ms | Allocations: 573)



ActionController::InvalidAuthenticityToken - Can't verify CSRF token authenticity.:

Started POST "/api/users" for ::1 at 2023-07-21 12:47:19 -0400
Processing by Api::UsersController#create as JSON
Can't verify CSRF token authenticity.
Completed 422 Unprocessable Entity in 1ms (ActiveRecord: 0.0ms | Allocations: 570)



ActionController::InvalidAuthenticityToken - Can't verify CSRF token authenticity.:

Started POST "/api/users" for ::1 at 2023-07-21 12:48:28 -0400
Processing by Api::UsersController#create as JSON
  Parameters: {"user"=>{}}
Can't verify CSRF token authenticity.
Completed 422 Unprocessable Entity in 1ms (ActiveRecord: 0.0ms | Allocations: 573)



ActionController::InvalidAuthenticityToken - Can't verify CSRF token authenticity.:

Started GET "/api/session" for ::1 at 2023-07-21 12:50:34 -0400
Processing by Api::SessionsController#show as JSON
  [1m[36mUser Load (1.0ms)[0m  [1m[34mSELECT "users".* FROM "users" WHERE "users"."session_token" IS NULL LIMIT $1[0m  [["LIMIT", 1]]
  ↳ app/controllers/application_controller.rb:9:in `current_user'
Completed 200 OK in 8ms (Views: 0.3ms | ActiveRecord: 1.3ms | Allocations: 2762)


Started GET "/" for ::1 at 2023-07-21 13:04:27 -0400
Processing by Rails::WelcomeController#index as HTML
  Rendering /home/jason/.rbenv/versions/3.1.1/lib/ruby/gems/3.1.0/gems/railties-7.0.6/lib/rails/templates/rails/welcome/index.html.erb
  Rendered /home/jason/.rbenv/versions/3.1.1/lib/ruby/gems/3.1.0/gems/railties-7.0.6/lib/rails/templates/rails/welcome/index.html.erb (Duration: 1.0ms | Allocations: 284)
Completed 200 OK in 7ms (Views: 2.3ms | Allocations: 2144)


Started GET "/api/session" for ::1 at 2023-07-21 13:04:52 -0400
Processing by Api::SessionsController#show as JSON
  [1m[36mUser Load (0.4ms)[0m  [1m[34mSELECT "users".* FROM "users" WHERE "users"."session_token" IS NULL LIMIT $1[0m  [["LIMIT", 1]]
  ↳ app/controllers/application_controller.rb:9:in `current_user'
Completed 200 OK in 18ms (Views: 0.5ms | ActiveRecord: 6.4ms | Allocations: 3978)


Started GET "/api/session" for ::1 at 2023-07-21 13:09:37 -0400
Processing by Api::SessionsController#show as JSON
  [1m[36mUser Load (0.4ms)[0m  [1m[34mSELECT "users".* FROM "users" WHERE "users"."session_token" IS NULL LIMIT $1[0m  [["LIMIT", 1]]
  ↳ app/controllers/application_controller.rb:9:in `current_user'
Completed 200 OK in 5ms (Views: 0.3ms | ActiveRecord: 0.4ms | Allocations: 803)


Started GET "/api/session" for ::1 at 2023-07-21 13:09:56 -0400
Processing by Api::SessionsController#show as JSON
  [1m[36mUser Load (0.5ms)[0m  [1m[34mSELECT "users".* FROM "users" WHERE "users"."session_token" IS NULL LIMIT $1[0m  [["LIMIT", 1]]
  ↳ app/controllers/application_controller.rb:9:in `current_user'
Completed 200 OK in 4ms (Views: 0.2ms | ActiveRecord: 0.5ms | Allocations: 814)


Started GET "/api/session" for ::1 at 2023-07-21 13:13:46 -0400
Processing by Api::SessionsController#show as JSON
  [1m[36mUser Load (0.4ms)[0m  [1m[34mSELECT "users".* FROM "users" WHERE "users"."session_token" IS NULL LIMIT $1[0m  [["LIMIT", 1]]
  ↳ app/controllers/application_controller.rb:9:in `current_user'
Completed 200 OK in 5ms (Views: 0.3ms | ActiveRecord: 0.4ms | Allocations: 803)


Started GET "/api/session" for ::1 at 2023-07-21 13:19:31 -0400
Processing by Api::SessionsController#show as JSON
  [1m[36mUser Load (0.3ms)[0m  [1m[34mSELECT "users".* FROM "users" WHERE "users"."session_token" IS NULL LIMIT $1[0m  [["LIMIT", 1]]
  ↳ app/controllers/application_controller.rb:9:in `current_user'
Completed 200 OK in 49ms (Views: 0.5ms | ActiveRecord: 7.8ms | Allocations: 3664)


Started OPTIONS "/api/session" for ::1 at 2023-07-21 13:21:13 -0400
  
ActionController::RoutingError (No route matches [OPTIONS] "/api/session"):
  
Started OPTIONS "/api/session" for ::1 at 2023-07-21 13:23:45 -0400
  
ActionController::RoutingError (No route matches [OPTIONS] "/api/session"):
  
Started OPTIONS "/api/session" for ::1 at 2023-07-21 13:23:58 -0400
  
ActionController::RoutingError (No route matches [OPTIONS] "/api/session"):
  
Started OPTIONS "/api/session" for ::1 at 2023-07-21 13:28:07 -0400
  
ActionController::RoutingError (No route matches [OPTIONS] "/api/session"):
  
Started GET "/api/session" for ::1 at 2023-07-21 13:36:22 -0400
  [1m[36mActiveRecord::SchemaMigration Pluck (0.9ms)[0m  [1m[34mSELECT "schema_migrations"."version" FROM "schema_migrations" ORDER BY "schema_migrations"."version" ASC[0m
Processing by Api::SessionsController#show as JSON
  [1m[36mUser Load (0.3ms)[0m  [1m[34mSELECT "users".* FROM "users" WHERE "users"."session_token" IS NULL LIMIT $1[0m  [["LIMIT", 1]]
  ↳ app/controllers/application_controller.rb:9:in `current_user'
Completed 200 OK in 10ms (Views: 0.2ms | ActiveRecord: 1.9ms | Allocations: 4859)


Started GET "/favicon.ico" for ::1 at 2023-07-21 13:36:23 -0400
  
ActionController::RoutingError (No route matches [GET] "/favicon.ico"):
  
Started GET "/api/session" for ::1 at 2023-07-21 13:36:59 -0400
Processing by Api::SessionsController#show as JSON
  [1m[36mUser Load (0.4ms)[0m  [1m[34mSELECT "users".* FROM "users" WHERE "users"."session_token" IS NULL LIMIT $1[0m  [["LIMIT", 1]]
  ↳ app/controllers/application_controller.rb:9:in `current_user'
Completed 200 OK in 5ms (Views: 0.3ms | ActiveRecord: 0.4ms | Allocations: 1122)


Started GET "/api/session" for 127.0.0.1 at 2023-07-21 13:40:54 -0400
  [1m[36mActiveRecord::SchemaMigration Pluck (0.5ms)[0m  [1m[34mSELECT "schema_migrations"."version" FROM "schema_migrations" ORDER BY "schema_migrations"."version" ASC[0m
Processing by Api::SessionsController#show as JSON
  Parameters: {"session"=>{}}
  [1m[36mUser Load (0.3ms)[0m  [1m[34mSELECT "users".* FROM "users" WHERE "users"."session_token" IS NULL LIMIT $1[0m  [["LIMIT", 1]]
  ↳ app/controllers/application_controller.rb:9:in `current_user'
Completed 200 OK in 8ms (Views: 0.3ms | ActiveRecord: 1.6ms | Allocations: 4833)


Started GET "/api/session" for 127.0.0.1 at 2023-07-21 13:41:07 -0400
Processing by Api::SessionsController#show as JSON
  Parameters: {"session"=>{}}
  [1m[36mUser Load (0.3ms)[0m  [1m[34mSELECT "users".* FROM "users" WHERE "users"."session_token" IS NULL LIMIT $1[0m  [["LIMIT", 1]]
  ↳ app/controllers/application_controller.rb:9:in `current_user'
Completed 200 OK in 3ms (Views: 0.2ms | ActiveRecord: 0.3ms | Allocations: 972)


Started GET "/api/session" for 127.0.0.1 at 2023-07-21 13:41:14 -0400
Processing by Api::SessionsController#show as JSON
  [1m[36mUser Load (0.3ms)[0m  [1m[34mSELECT "users".* FROM "users" WHERE "users"."session_token" IS NULL LIMIT $1[0m  [["LIMIT", 1]]
  ↳ app/controllers/application_controller.rb:9:in `current_user'
Completed 200 OK in 3ms (Views: 0.2ms | ActiveRecord: 0.3ms | Allocations: 918)


Started GET "/api/session" for 127.0.0.1 at 2023-07-21 13:44:55 -0400
  [1m[36mActiveRecord::SchemaMigration Pluck (0.5ms)[0m  [1m[34mSELECT "schema_migrations"."version" FROM "schema_migrations" ORDER BY "schema_migrations"."version" ASC[0m
Processing by Api::SessionsController#show as JSON
  Parameters: {"session"=>{}}
  [1m[36mUser Load (0.4ms)[0m  [1m[34mSELECT "users".* FROM "users" WHERE "users"."session_token" IS NULL LIMIT $1[0m  [["LIMIT", 1]]
  ↳ app/controllers/application_controller.rb:9:in `current_user'
Completed 200 OK in 10ms (Views: 0.3ms | ActiveRecord: 1.8ms | Allocations: 4833)


Started GET "/api/session" for 127.0.0.1 at 2023-07-21 14:40:23 -0400
Processing by Api::SessionsController#show as JSON
  Parameters: {"session"=>{}}
  [1m[36mUser Load (1.0ms)[0m  [1m[34mSELECT "users".* FROM "users" WHERE "users"."session_token" IS NULL LIMIT $1[0m  [["LIMIT", 1]]
  ↳ app/controllers/application_controller.rb:9:in `current_user'
Completed 200 OK in 67ms (Views: 1.1ms | ActiveRecord: 14.7ms | Allocations: 4012)


Started POST "/api/test?login" for 127.0.0.1 at 2023-07-21 14:45:29 -0400
  
ActionController::RoutingError (No route matches [POST] "/api/test"):
  
Started POST "/api/session" for 127.0.0.1 at 2023-07-21 14:45:43 -0400
Processing by Api::SessionsController#create as JSON
  Parameters: {"session"=>{}}
  [1m[36mUser Load (0.5ms)[0m  [1m[34mSELECT "users".* FROM "users" WHERE "users"."username" IS NULL LIMIT $1[0m  [["LIMIT", 1]]
  ↳ app/models/user.rb:17:in `find_by_credentials'
Completed 422 Unprocessable Entity in 15ms (Views: 0.5ms | ActiveRecord: 0.5ms | Allocations: 993)


Started GET "/api/session" for 127.0.0.1 at 2023-07-21 14:45:52 -0400
Processing by Api::SessionsController#show as JSON
  Parameters: {"session"=>{}}
  [1m[36mUser Load (0.3ms)[0m  [1m[34mSELECT "users".* FROM "users" WHERE "users"."session_token" IS NULL LIMIT $1[0m  [["LIMIT", 1]]
  ↳ app/controllers/application_controller.rb:9:in `current_user'
Completed 200 OK in 3ms (Views: 0.2ms | ActiveRecord: 0.3ms | Allocations: 938)


Started GET "/function%20dispatch()%20%7B%20%20%20%20%20%20%20%20%20%20return%20_dispatch.apply(void%200,%20arguments);%20%20%20%20%20%20%20%20%7D" for 127.0.0.1 at 2023-07-21 14:57:41 -0400
  
ActionController::RoutingError (No route matches [GET] "/function%20dispatch()%20%7B%20%20%20%20%20%20%20%20%20%20return%20_dispatch.apply(void%200,%20arguments);%20%20%20%20%20%20%20%20%7D"):
  
Started GET "/undefined" for 127.0.0.1 at 2023-07-21 14:58:08 -0400
  
ActionController::RoutingError (No route matches [GET] "/undefined"):
  
Started GET "/api/users" for 127.0.0.1 at 2023-07-21 14:58:32 -0400
  
ActionController::RoutingError (No route matches [GET] "/api/users"):
  
Started GET "/api/session" for 127.0.0.1 at 2023-07-21 14:58:41 -0400
Processing by Api::SessionsController#show as JSON
  Parameters: {"session"=>{}}
  [1m[36mUser Load (0.3ms)[0m  [1m[34mSELECT "users".* FROM "users" WHERE "users"."session_token" IS NULL LIMIT $1[0m  [["LIMIT", 1]]
  ↳ app/controllers/application_controller.rb:9:in `current_user'
Completed 200 OK in 16ms (Views: 0.2ms | ActiveRecord: 5.7ms | Allocations: 3761)


Started GET "/api/session" for 127.0.0.1 at 2023-07-21 14:58:52 -0400
Processing by Api::SessionsController#show as JSON
  Parameters: {"session"=>{}}
  [1m[36mUser Load (0.3ms)[0m  [1m[34mSELECT "users".* FROM "users" WHERE "users"."session_token" IS NULL LIMIT $1[0m  [["LIMIT", 1]]
  ↳ app/controllers/application_controller.rb:9:in `current_user'
Completed 200 OK in 3ms (Views: 0.2ms | ActiveRecord: 0.3ms | Allocations: 915)


Started POST "/api/session" for 127.0.0.1 at 2023-07-21 15:00:29 -0400
Processing by Api::SessionsController#create as JSON
  Parameters: {"password"=>"[FILTERED]", "session"=>{"password"=>"[FILTERED]"}}
  [1m[36mUser Load (0.3ms)[0m  [1m[34mSELECT "users".* FROM "users" WHERE "users"."username" IS NULL LIMIT $1[0m  [["LIMIT", 1]]
  ↳ app/models/user.rb:17:in `find_by_credentials'
Completed 422 Unprocessable Entity in 5ms (Views: 0.3ms | ActiveRecord: 0.3ms | Allocations: 929)


Started POST "/api/session" for 127.0.0.1 at 2023-07-21 15:02:37 -0400
Processing by Api::SessionsController#create as JSON
  Parameters: {"cred"=>"Demo-lition", "password"=>"[FILTERED]", "session"=>{"cred"=>"Demo-lition", "password"=>"[FILTERED]"}}
  [1m[36mUser Load (0.3ms)[0m  [1m[34mSELECT "users".* FROM "users" WHERE "users"."username" IS NULL LIMIT $1[0m  [["LIMIT", 1]]
  ↳ app/models/user.rb:17:in `find_by_credentials'
Completed 422 Unprocessable Entity in 4ms (Views: 0.3ms | ActiveRecord: 0.3ms | Allocations: 938)


Started POST "/api/session" for 127.0.0.1 at 2023-07-21 15:03:41 -0400
Processing by Api::SessionsController#create as JSON
  Parameters: {"cred"=>"Demo-lition", "password"=>"[FILTERED]", "session"=>{"cred"=>"Demo-lition", "password"=>"[FILTERED]"}}
  [1m[36mUser Load (0.4ms)[0m  [1m[34mSELECT "users".* FROM "users" WHERE "users"."username" IS NULL LIMIT $1[0m  [["LIMIT", 1]]
  ↳ app/models/user.rb:17:in `find_by_credentials'
Completed 422 Unprocessable Entity in 4ms (Views: 0.3ms | ActiveRecord: 0.4ms | Allocations: 942)


Started POST "/api/session" for 127.0.0.1 at 2023-07-21 15:05:13 -0400
Processing by Api::SessionsController#create as JSON
  Parameters: {"cred"=>"Demo-lition", "password"=>"[FILTERED]", "session"=>{"cred"=>"Demo-lition", "password"=>"[FILTERED]"}}
  [1m[36mUser Load (0.7ms)[0m  [1m[34mSELECT "users".* FROM "users" WHERE "users"."username" IS NULL LIMIT $1[0m  [["LIMIT", 1]]
  ↳ app/models/user.rb:17:in `find_by_credentials'
Completed 422 Unprocessable Entity in 6ms (Views: 0.5ms | ActiveRecord: 0.7ms | Allocations: 923)


Started POST "/api/session" for 127.0.0.1 at 2023-07-21 15:05:52 -0400
Processing by Api::SessionsController#create as JSON
  Parameters: {"cred"=>"Demo-lition", "password"=>"[FILTERED]", "session"=>{"cred"=>"Demo-lition", "password"=>"[FILTERED]"}}
  [1m[36mUser Load (0.5ms)[0m  [1m[34mSELECT "users".* FROM "users" WHERE "users"."username" IS NULL LIMIT $1[0m  [["LIMIT", 1]]
  ↳ app/models/user.rb:17:in `find_by_credentials'
Completed 422 Unprocessable Entity in 4ms (Views: 0.3ms | ActiveRecord: 0.5ms | Allocations: 923)


Started GET "/api/session" for 127.0.0.1 at 2023-07-21 15:17:56 -0400
Processing by Api::SessionsController#show as JSON
  Parameters: {"session"=>{}}
  [1m[36mUser Load (0.3ms)[0m  [1m[34mSELECT "users".* FROM "users" WHERE "users"."session_token" IS NULL LIMIT $1[0m  [["LIMIT", 1]]
  ↳ app/controllers/application_controller.rb:9:in `current_user'
Completed 200 OK in 21ms (Views: 0.4ms | ActiveRecord: 4.8ms | Allocations: 5665)


Started POST "/api/session" for 127.0.0.1 at 2023-07-21 15:18:07 -0400
Processing by Api::SessionsController#create as JSON
  Parameters: {"cred"=>"Demo-lition", "password"=>"[FILTERED]", "session"=>{"cred"=>"Demo-lition", "password"=>"[FILTERED]"}}
  [1m[36mUser Load (0.2ms)[0m  [1m[34mSELECT "users".* FROM "users" WHERE "users"."username" IS NULL LIMIT $1[0m  [["LIMIT", 1]]
  ↳ app/models/user.rb:17:in `find_by_credentials'
Completed 422 Unprocessable Entity in 3ms (Views: 0.2ms | ActiveRecord: 0.2ms | Allocations: 1022)


Started POST "/api/session" for 127.0.0.1 at 2023-07-21 15:18:50 -0400
Processing by Api::SessionsController#create as JSON
  Parameters: {"cred"=>"Demo-lition", "password"=>"[FILTERED]", "session"=>{"cred"=>"Demo-lition", "password"=>"[FILTERED]"}}
Started POST "/api/session" for 127.0.0.1 at 2023-07-21 15:20:20 -0400
  [1m[36mActiveRecord::SchemaMigration Pluck (0.6ms)[0m  [1m[34mSELECT "schema_migrations"."version" FROM "schema_migrations" ORDER BY "schema_migrations"."version" ASC[0m
Processing by Api::SessionsController#create as JSON
  Parameters: {"cred"=>"Demo-lition", "password"=>"[FILTERED]", "session"=>{"cred"=>"Demo-lition", "password"=>"[FILTERED]"}}
  [1m[36mUser Load (0.6ms)[0m  [1m[34mSELECT "users".* FROM "users" WHERE "users"."username" = $1 LIMIT $2[0m  [["username", "Demo-lition"], ["LIMIT", 1]]
  ↳ app/models/user.rb:17:in `find_by_credentials'
Completed 422 Unprocessable Entity in 22680ms (Views: 0.3ms | ActiveRecord: 2.4ms | Allocations: 54121)


Started POST "/api/session" for 127.0.0.1 at 2023-07-21 15:21:36 -0400
Processing by Api::SessionsController#create as JSON
  Parameters: {"cred"=>"Demo-lition", "password"=>"[FILTERED]", "session"=>{"cred"=>"Demo-lition", "password"=>"[FILTERED]"}}
  [1m[36mUser Load (0.4ms)[0m  [1m[34mSELECT "users".* FROM "users" WHERE "users"."username" = $1 LIMIT $2[0m  [["username", "Demo-lition"], ["LIMIT", 1]]
  ↳ app/models/user.rb:18:in `find_by_credentials'
Completed 422 Unprocessable Entity in 109949ms (Views: 0.6ms | ActiveRecord: 1.8ms | Allocations: 5368)


Started POST "/api/session" for 127.0.0.1 at 2023-07-21 15:23:36 -0400
Processing by Api::SessionsController#create as JSON
  Parameters: {"password"=>"[FILTERED]", "session"=>{"password"=>"[FILTERED]"}}
  [1m[36mUser Load (0.3ms)[0m  [1m[34mSELECT "users".* FROM "users" WHERE "users"."username" IS NULL LIMIT $1[0m  [["LIMIT", 1]]
  ↳ app/models/user.rb:18:in `find_by_credentials'
Completed 422 Unprocessable Entity in 41029ms (Views: 0.3ms | ActiveRecord: 1.4ms | Allocations: 5254)


Started POST "/api/session" for 127.0.0.1 at 2023-07-21 15:24:21 -0400
Processing by Api::SessionsController#create as JSON
  Parameters: {"username"=>"Demo-lition", "password"=>"[FILTERED]", "session"=>{"username"=>"Demo-lition", "password"=>"[FILTERED]"}}
  [1m[36mUser Load (0.2ms)[0m  [1m[34mSELECT "users".* FROM "users" WHERE "users"."username" = $1 LIMIT $2[0m  [["username", "Demo-lition"], ["LIMIT", 1]]
  ↳ app/models/user.rb:18:in `find_by_credentials'
Completed 422 Unprocessable Entity in 17469ms (Views: 0.3ms | ActiveRecord: 1.2ms | Allocations: 9527)


Started POST "/api/session" for 127.0.0.1 at 2023-07-21 15:25:13 -0400
Processing by Api::SessionsController#create as JSON
  Parameters: {"username"=>"Demo-lition", "password"=>"[FILTERED]", "session"=>{"username"=>"Demo-lition", "password"=>"[FILTERED]"}}
  [1m[36mActiveRecord::SchemaMigration Pluck (0.4ms)[0m  [1m[34mSELECT "schema_migrations"."version" FROM "schema_migrations" ORDER BY "schema_migrations"."version" ASC[0m
  [1m[36mActiveRecord::SchemaMigration Pluck (0.4ms)[0m  [1m[34mSELECT "schema_migrations"."version" FROM "schema_migrations" ORDER BY "schema_migrations"."version" ASC[0m
  [1m[36mActiveRecord::SchemaMigration Pluck (0.3ms)[0m  [1m[34mSELECT "schema_migrations"."version" FROM "schema_migrations" ORDER BY "schema_migrations"."version" ASC[0m
  [1m[36mActiveRecord::SchemaMigration Pluck (0.4ms)[0m  [1m[34mSELECT "schema_migrations"."version" FROM "schema_migrations" ORDER BY "schema_migrations"."version" ASC[0m
  [1m[36mTRANSACTION (0.1ms)[0m  [1m[35mBEGIN[0m
  [1m[36mUser Exists? (1.0ms)[0m  [1m[34mSELECT 1 AS one FROM "users" WHERE "users"."username" = $1 LIMIT $2[0m  [["username", "Demo"], ["LIMIT", 1]]
  [1m[36mUser Exists? (0.4ms)[0m  [1m[34mSELECT 1 AS one FROM "users" WHERE "users"."email" = $1 LIMIT $2[0m  [["email", "abc@gmail.com"], ["LIMIT", 1]]
  [1m[36mUser Exists? (0.2ms)[0m  [1m[34mSELECT 1 AS one FROM "users" WHERE "users"."session_token" = $1 LIMIT $2[0m  [["session_token", "[FILTERED]"], ["LIMIT", 1]]
  [1m[36mUser Create (2.7ms)[0m  [1m[32mINSERT INTO "users" ("username", "password_digest", "session_token", "email", "created_at", "updated_at", "birthday") VALUES ($1, $2, $3, $4, $5, $6, $7) RETURNING "id"[0m  [["username", "Demo"], ["password_digest", "[FILTERED]"], ["session_token", "[FILTERED]"], ["email", "abc@gmail.com"], ["created_at", "2023-07-21 19:32:01.696845"], ["updated_at", "2023-07-21 19:32:01.696845"], ["birthday", "2001-04-05"]]
  [1m[36mTRANSACTION (1.3ms)[0m  [1m[35mCOMMIT[0m
Started POST "/api/session" for 127.0.0.1 at 2023-07-21 15:32:36 -0400
  [1m[36mActiveRecord::SchemaMigration Pluck (0.5ms)[0m  [1m[34mSELECT "schema_migrations"."version" FROM "schema_migrations" ORDER BY "schema_migrations"."version" ASC[0m
Processing by Api::SessionsController#create as JSON
  Parameters: {"password"=>"[FILTERED]", "session"=>{"password"=>"[FILTERED]"}}
  [1m[36mUser Load (0.4ms)[0m  [1m[34mSELECT "users".* FROM "users" WHERE "users"."username" IS NULL LIMIT $1[0m  [["LIMIT", 1]]
  ↳ app/models/user.rb:18:in `find_by_credentials'
Completed 422 Unprocessable Entity in 102290ms (Views: 0.4ms | ActiveRecord: 2.1ms | Allocations: 591824)


Started POST "/api/session" for 127.0.0.1 at 2023-07-21 15:34:38 -0400
Processing by Api::SessionsController#create as JSON
  Parameters: {"password"=>"[FILTERED]", "session"=>{"password"=>"[FILTERED]"}}
  [1m[36mUser Load (0.3ms)[0m  [1m[34mSELECT "users".* FROM "users" WHERE "users"."username" IS NULL LIMIT $1[0m  [["LIMIT", 1]]
  ↳ app/models/user.rb:18:in `find_by_credentials'
Completed 422 Unprocessable Entity in 20819ms (Views: 0.2ms | ActiveRecord: 0.3ms | Allocations: 3636)


Started POST "/api/session" for 127.0.0.1 at 2023-07-21 15:36:15 -0400
Processing by Api::SessionsController#create as JSON
  Parameters: {"password"=>"[FILTERED]", "session"=>{"password"=>"[FILTERED]"}}
  [1m[36mUser Load (0.3ms)[0m  [1m[34mSELECT "users".* FROM "users" WHERE "users"."username" IS NULL LIMIT $1[0m  [["LIMIT", 1]]
  ↳ app/models/user.rb:18:in `find_by_credentials'
Completed 422 Unprocessable Entity in 4685ms (Views: 0.2ms | ActiveRecord: 0.3ms | Allocations: 3271)


Started POST "/api/session" for 127.0.0.1 at 2023-07-21 15:36:40 -0400
Processing by Api::SessionsController#create as JSON
  Parameters: {"username"=>"Demo", "password"=>"[FILTERED]", "session"=>{"username"=>"Demo", "password"=>"[FILTERED]"}}
  [1m[36mUser Load (0.6ms)[0m  [1m[34mSELECT "users".* FROM "users" WHERE "users"."username" = $1 LIMIT $2[0m  [["username", "Demo"], ["LIMIT", 1]]
  ↳ app/models/user.rb:18:in `find_by_credentials'
  [1m[36mTRANSACTION (0.2ms)[0m  [1m[35mBEGIN[0m
  ↳ app/models/user.rb:43:in `reset_session_token!'
  [1m[36mUser Exists? (0.6ms)[0m  [1m[34mSELECT 1 AS one FROM "users" WHERE "users"."username" = $1 AND "users"."id" != $2 LIMIT $3[0m  [["username", "Demo"], ["id", 9], ["LIMIT", 1]]
  ↳ app/models/user.rb:43:in `reset_session_token!'
  [1m[36mUser Exists? (0.2ms)[0m  [1m[34mSELECT 1 AS one FROM "users" WHERE "users"."email" = $1 AND "users"."id" != $2 LIMIT $3[0m  [["email", "abc@gmail.com"], ["id", 9], ["LIMIT", 1]]
  ↳ app/models/user.rb:43:in `reset_session_token!'
  [1m[36mUser Exists? (0.3ms)[0m  [1m[34mSELECT 1 AS one FROM "users" WHERE "users"."session_token" = $1 AND "users"."id" != $2 LIMIT $3[0m  [["session_token", "[FILTERED]"], ["id", 9], ["LIMIT", 1]]
  ↳ app/models/user.rb:43:in `reset_session_token!'
  [1m[36mUser Update (1.0ms)[0m  [1m[33mUPDATE "users" SET "session_token" = $1, "updated_at" = $2 WHERE "users"."id" = $3[0m  [["session_token", "[FILTERED]"], ["updated_at", "2023-07-21 19:36:50.458420"], ["id", 9]]
  ↳ app/models/user.rb:43:in `reset_session_token!'
  [1m[36mTRANSACTION (1.1ms)[0m  [1m[35mCOMMIT[0m
  ↳ app/models/user.rb:43:in `reset_session_token!'
  Rendering api/users/show.json.jbuilder
  Rendered api/users/show.json.jbuilder (Duration: 0.8ms | Allocations: 437)
Completed 200 OK in 10003ms (Views: 222.8ms | ActiveRecord: 6.0ms | Allocations: 295751)


Started POST "/api/session" for 127.0.0.1 at 2023-07-21 16:24:45 -0400
Processing by Api::SessionsController#create as JSON
  Parameters: {"password"=>"[FILTERED]", "session"=>{"password"=>"[FILTERED]"}}
Started POST "/api/session" for 127.0.0.1 at 2023-07-21 16:26:29 -0400
Started DELETE "/api/session" for 127.0.0.1 at 2023-07-21 16:26:29 -0400
  [1m[36mUser Load (0.6ms)[0m  [1m[34mSELECT "users".* FROM "users" WHERE "users"."username" IS NULL LIMIT $1[0m  [["LIMIT", 1]]
  ↳ app/models/user.rb:18:in `find_by_credentials'
Completed 422 Unprocessable Entity in 103587ms (Views: 0.8ms | ActiveRecord: 14.5ms | Allocations: 8516)


Processing by Api::SessionsController#create as JSON
Processing by Api::SessionsController#destroy as JSON
  Parameters: {"password"=>"[FILTERED]", "session"=>{"password"=>"[FILTERED]"}}
  Parameters: {"session"=>{}}
  [1m[36mUser Load (0.5ms)[0m  [1m[34mSELECT "users".* FROM "users" WHERE "users"."username" IS NULL LIMIT $1[0m  [["LIMIT", 1]]
  ↳ app/models/user.rb:18:in `find_by_credentials'
Completed 422 Unprocessable Entity in 15ms (Views: 0.3ms | ActiveRecord: 4.9ms | Allocations: 4440)


  [1m[36mUser Load (0.6ms)[0m  [1m[34mSELECT "users".* FROM "users" WHERE "users"."session_token" = $1 LIMIT $2[0m  [["session_token", "[FILTERED]"], ["LIMIT", 1]]
  ↳ app/controllers/application_controller.rb:9:in `current_user'
  [1m[36mTRANSACTION (0.2ms)[0m  [1m[35mBEGIN[0m
  ↳ app/models/user.rb:43:in `reset_session_token!'
  [1m[36mUser Exists? (0.4ms)[0m  [1m[34mSELECT 1 AS one FROM "users" WHERE "users"."username" = $1 AND "users"."id" != $2 LIMIT $3[0m  [["username", "Demo"], ["id", 9], ["LIMIT", 1]]
  ↳ app/models/user.rb:43:in `reset_session_token!'
  [1m[36mUser Exists? (0.2ms)[0m  [1m[34mSELECT 1 AS one FROM "users" WHERE "users"."email" = $1 AND "users"."id" != $2 LIMIT $3[0m  [["email", "abc@gmail.com"], ["id", 9], ["LIMIT", 1]]
  ↳ app/models/user.rb:43:in `reset_session_token!'
  [1m[36mUser Exists? (0.2ms)[0m  [1m[34mSELECT 1 AS one FROM "users" WHERE "users"."session_token" = $1 AND "users"."id" != $2 LIMIT $3[0m  [["session_token", "[FILTERED]"], ["id", 9], ["LIMIT", 1]]
  ↳ app/models/user.rb:43:in `reset_session_token!'
  [1m[36mUser Update (1.1ms)[0m  [1m[33mUPDATE "users" SET "session_token" = $1, "updated_at" = $2 WHERE "users"."id" = $3[0m  [["session_token", "[FILTERED]"], ["updated_at", "2023-07-21 20:26:29.597406"], ["id", 9]]
  ↳ app/models/user.rb:43:in `reset_session_token!'
  [1m[36mTRANSACTION (2.1ms)[0m  [1m[35mCOMMIT[0m
  ↳ app/models/user.rb:43:in `reset_session_token!'
Completed 204 No Content in 46ms (ActiveRecord: 11.8ms | Allocations: 13474)


Started POST "/api/session" for 127.0.0.1 at 2023-07-21 16:27:27 -0400
Processing by Api::SessionsController#create as JSON
  Parameters: {"password"=>"[FILTERED]", "session"=>{"password"=>"[FILTERED]"}}
  [1m[36mUser Load (0.4ms)[0m  [1m[34mSELECT "users".* FROM "users" WHERE "users"."username" IS NULL LIMIT $1[0m  [["LIMIT", 1]]
  ↳ app/models/user.rb:18:in `find_by_credentials'
Completed 422 Unprocessable Entity in 5ms (Views: 0.2ms | ActiveRecord: 0.4ms | Allocations: 1001)


Started POST "/api/session" for 127.0.0.1 at 2023-07-21 16:27:43 -0400
Processing by Api::SessionsController#create as JSON
  Parameters: {"password"=>"[FILTERED]", "session"=>{"password"=>"[FILTERED]"}}
  [1m[36mUser Load (0.3ms)[0m  [1m[34mSELECT "users".* FROM "users" WHERE "users"."username" IS NULL LIMIT $1[0m  [["LIMIT", 1]]
  ↳ app/models/user.rb:18:in `find_by_credentials'
Completed 422 Unprocessable Entity in 4ms (Views: 0.3ms | ActiveRecord: 0.3ms | Allocations: 927)


Started POST "/api/session" for 127.0.0.1 at 2023-07-21 16:31:13 -0400
Processing by Api::SessionsController#create as JSON
  Parameters: {"password"=>"[FILTERED]", "session"=>{"password"=>"[FILTERED]"}}
Started POST "/api/session" for 127.0.0.1 at 2023-07-21 16:36:30 -0400
Started POST "/api/session" for 127.0.0.1 at 2023-07-21 16:36:30 -0400
Started POST "/api/session" for 127.0.0.1 at 2023-07-21 16:36:30 -0400
  [1m[36mUser Load (0.9ms)[0m  [1m[34mSELECT "users".* FROM "users" WHERE "users"."username" IS NULL LIMIT $1[0m  [["LIMIT", 1]]
  ↳ app/models/user.rb:18:in `find_by_credentials'
Completed 422 Unprocessable Entity in 316913ms (Views: 1.0ms | ActiveRecord: 24.5ms | Allocations: 12853)


Processing by Api::SessionsController#create as JSON
Processing by Api::SessionsController#create as JSON
  Parameters: {"username"=>"Demo", "password"=>"[FILTERED]", "session"=>{"username"=>"Demo", "password"=>"[FILTERED]"}}
Processing by Api::SessionsController#create as JSON
  Parameters: {"username"=>"Demo", "password"=>"[FILTERED]", "session"=>{"username"=>"Demo", "password"=>"[FILTERED]"}}
  Parameters: {"username"=>"Demo", "password"=>"[FILTERED]", "session"=>{"username"=>"Demo", "password"=>"[FILTERED]"}}
  [1m[36mUser Load (0.8ms)[0m  [1m[34mSELECT "users".* FROM "users" WHERE "users"."username" = $1 LIMIT $2[0m  [["username", "Demo"], ["LIMIT", 1]]
  ↳ app/models/user.rb:18:in `find_by_credentials'
  [1m[36mUser Load (0.8ms)[0m  [1m[34mSELECT "users".* FROM "users" WHERE "users"."username" = $1 LIMIT $2[0m  [["username", "Demo"], ["LIMIT", 1]]
  [1m[36mUser Load (1.0ms)[0m  [1m[34mSELECT "users".* FROM "users" WHERE "users"."username" = $1 LIMIT $2[0m  [["username", "Demo"], ["LIMIT", 1]]
  ↳ app/models/user.rb:18:in `find_by_credentials'
  ↳ app/models/user.rb:18:in `find_by_credentials'
  [1m[36mTRANSACTION (0.5ms)[0m  [1m[35mBEGIN[0m
  ↳ app/models/user.rb:43:in `reset_session_token!'
  [1m[36mUser Exists? (0.9ms)[0m  [1m[34mSELECT 1 AS one FROM "users" WHERE "users"."username" = $1 AND "users"."id" != $2 LIMIT $3[0m  [["username", "Demo"], ["id", 9], ["LIMIT", 1]]
  ↳ app/models/user.rb:43:in `reset_session_token!'
  [1m[36mUser Exists? (0.7ms)[0m  [1m[34mSELECT 1 AS one FROM "users" WHERE "users"."email" = $1 AND "users"."id" != $2 LIMIT $3[0m  [["email", "abc@gmail.com"], ["id", 9], ["LIMIT", 1]]
  ↳ app/models/user.rb:43:in `reset_session_token!'
  [1m[36mUser Exists? (0.7ms)[0m  [1m[34mSELECT 1 AS one FROM "users" WHERE "users"."session_token" = $1 AND "users"."id" != $2 LIMIT $3[0m  [["session_token", "[FILTERED]"], ["id", 9], ["LIMIT", 1]]
  ↳ app/models/user.rb:43:in `reset_session_token!'
  [1m[36mTRANSACTION (1.5ms)[0m  [1m[35mBEGIN[0m
  ↳ app/models/user.rb:43:in `reset_session_token!'
  [1m[36mUser Update (3.3ms)[0m  [1m[33mUPDATE "users" SET "session_token" = $1, "updated_at" = $2 WHERE "users"."id" = $3[0m  [["session_token", "[FILTERED]"], ["updated_at", "2023-07-21 20:36:33.321049"], ["id", 9]]
  [1m[36mTRANSACTION (2.7ms)[0m  [1m[35mBEGIN[0m
  [1m[36mUser Exists? (2.5ms)[0m  [1m[34mSELECT 1 AS one FROM "users" WHERE "users"."username" = $1 AND "users"."id" != $2 LIMIT $3[0m  [["username", "Demo"], ["id", 9], ["LIMIT", 1]]
  ↳ app/models/user.rb:43:in `reset_session_token!'
  ↳ app/models/user.rb:43:in `reset_session_token!'
  ↳ app/models/user.rb:43:in `reset_session_token!'
  [1m[36mUser Exists? (2.1ms)[0m  [1m[34mSELECT 1 AS one FROM "users" WHERE "users"."username" = $1 AND "users"."id" != $2 LIMIT $3[0m  [["username", "Demo"], ["id", 9], ["LIMIT", 1]]
  [1m[36mUser Exists? (0.7ms)[0m  [1m[34mSELECT 1 AS one FROM "users" WHERE "users"."email" = $1 AND "users"."id" != $2 LIMIT $3[0m  [["email", "abc@gmail.com"], ["id", 9], ["LIMIT", 1]]
  ↳ app/models/user.rb:43:in `reset_session_token!'
  ↳ app/models/user.rb:43:in `reset_session_token!'
  [1m[36mUser Exists? (1.8ms)[0m  [1m[34mSELECT 1 AS one FROM "users" WHERE "users"."email" = $1 AND "users"."id" != $2 LIMIT $3[0m  [["email", "abc@gmail.com"], ["id", 9], ["LIMIT", 1]]
  [1m[36mUser Exists? (0.6ms)[0m  [1m[34mSELECT 1 AS one FROM "users" WHERE "users"."session_token" = $1 AND "users"."id" != $2 LIMIT $3[0m  [["session_token", "[FILTERED]"], ["id", 9], ["LIMIT", 1]]
  ↳ app/models/user.rb:43:in `reset_session_token!'
  ↳ app/models/user.rb:43:in `reset_session_token!'
  [1m[36mUser Exists? (2.1ms)[0m  [1m[34mSELECT 1 AS one FROM "users" WHERE "users"."session_token" = $1 AND "users"."id" != $2 LIMIT $3[0m  [["session_token", "[FILTERED]"], ["id", 9], ["LIMIT", 1]]
  ↳ app/models/user.rb:43:in `reset_session_token!'
  [1m[36mTRANSACTION (47.0ms)[0m  [1m[35mCOMMIT[0m
  ↳ app/models/user.rb:43:in `reset_session_token!'
  [1m[36mUser Update (31.1ms)[0m  [1m[33mUPDATE "users" SET "session_token" = $1, "updated_at" = $2 WHERE "users"."id" = $3[0m  [["session_token", "[FILTERED]"], ["updated_at", "2023-07-21 20:36:33.350689"], ["id", 9]]
  Rendering api/users/show.json.jbuilder
  ↳ app/models/user.rb:43:in `reset_session_token!'
  Rendered api/users/show.json.jbuilder (Duration: 1.9ms | Allocations: 177)
Completed 200 OK in 2889ms (Views: 9.8ms | ActiveRecord: 610.8ms | Allocations: 68758)


  [1m[36mUser Update (42.4ms)[0m  [1m[33mUPDATE "users" SET "session_token" = $1, "updated_at" = $2 WHERE "users"."id" = $3[0m  [["session_token", "[FILTERED]"], ["updated_at", "2023-07-21 20:36:33.353901"], ["id", 9]]
  [1m[36mTRANSACTION (5.0ms)[0m  [1m[35mCOMMIT[0m
  ↳ app/models/user.rb:43:in `reset_session_token!'
  ↳ app/models/user.rb:43:in `reset_session_token!'
  Rendering api/users/show.json.jbuilder
  Rendered api/users/show.json.jbuilder (Duration: 0.7ms | Allocations: 118)
Completed 200 OK in 1914ms (Views: 2.2ms | ActiveRecord: 59.1ms | Allocations: 67089)


  [1m[36mTRANSACTION (3.3ms)[0m  [1m[35mCOMMIT[0m
  ↳ app/models/user.rb:43:in `reset_session_token!'
  Rendering api/users/show.json.jbuilder
  Rendered api/users/show.json.jbuilder (Duration: 0.6ms | Allocations: 119)
Completed 200 OK in 1167ms (Views: 1.6ms | ActiveRecord: 74.0ms | Allocations: 33283)


Started POST "/api/session" for 127.0.0.1 at 2023-07-21 16:36:37 -0400
Processing by Api::SessionsController#create as JSON
  Parameters: {"username"=>"", "password"=>"[FILTERED]", "session"=>{"username"=>"", "password"=>"[FILTERED]"}}
  [1m[36mUser Load (0.8ms)[0m  [1m[34mSELECT "users".* FROM "users" WHERE "users"."username" = $1 LIMIT $2[0m  [["username", ""], ["LIMIT", 1]]
  ↳ app/models/user.rb:18:in `find_by_credentials'
Completed 422 Unprocessable Entity in 22510ms (Views: 0.5ms | ActiveRecord: 0.8ms | Allocations: 3680)


Started POST "/api/session" for 127.0.0.1 at 2023-07-21 16:37:18 -0400
Processing by Api::SessionsController#create as JSON
  Parameters: {"username"=>"Demo", "password"=>"[FILTERED]", "session"=>{"username"=>"Demo", "password"=>"[FILTERED]"}}
  [1m[36mUser Load (1.0ms)[0m  [1m[34mSELECT "users".* FROM "users" WHERE "users"."username" = $1 LIMIT $2[0m  [["username", "Demo"], ["LIMIT", 1]]
  ↳ app/models/user.rb:18:in `find_by_credentials'
  [1m[36mTRANSACTION (0.5ms)[0m  [1m[35mBEGIN[0m
  ↳ app/models/user.rb:43:in `reset_session_token!'
  [1m[36mUser Exists? (0.9ms)[0m  [1m[34mSELECT 1 AS one FROM "users" WHERE "users"."username" = $1 AND "users"."id" != $2 LIMIT $3[0m  [["username", "Demo"], ["id", 9], ["LIMIT", 1]]
  ↳ app/models/user.rb:43:in `reset_session_token!'
  [1m[36mUser Exists? (0.7ms)[0m  [1m[34mSELECT 1 AS one FROM "users" WHERE "users"."email" = $1 AND "users"."id" != $2 LIMIT $3[0m  [["email", "abc@gmail.com"], ["id", 9], ["LIMIT", 1]]
  ↳ app/models/user.rb:43:in `reset_session_token!'
  [1m[36mUser Exists? (1.0ms)[0m  [1m[34mSELECT 1 AS one FROM "users" WHERE "users"."session_token" = $1 AND "users"."id" != $2 LIMIT $3[0m  [["session_token", "[FILTERED]"], ["id", 9], ["LIMIT", 1]]
  ↳ app/models/user.rb:43:in `reset_session_token!'
  [1m[36mUser Update (1.4ms)[0m  [1m[33mUPDATE "users" SET "session_token" = $1, "updated_at" = $2 WHERE "users"."id" = $3[0m  [["session_token", "[FILTERED]"], ["updated_at", "2023-07-21 20:37:31.602711"], ["id", 9]]
  ↳ app/models/user.rb:43:in `reset_session_token!'
  [1m[36mTRANSACTION (47.0ms)[0m  [1m[35mCOMMIT[0m
  ↳ app/models/user.rb:43:in `reset_session_token!'
  Rendering api/users/show.json.jbuilder
  Rendered api/users/show.json.jbuilder (Duration: 1.1ms | Allocations: 119)
Completed 200 OK in 12801ms (Views: 2.6ms | ActiveRecord: 52.5ms | Allocations: 8296)


